C:\LABS\MP2-LAB4-POLINOMS\POLINOMFORM\POLINOMFORM\DEBUG\.NETFRAMEWORK,VERSION=V4.5.1.ASSEMBLYATTRIBUTES.OBJ
C:\LABS\MP2-LAB4-POLINOMS\POLINOMFORM\POLINOMFORM\DEBUG\VC110.PDB
C:\LABS\MP2-LAB4-POLINOMS\POLINOMFORM\POLINOMFORM\DEBUG\MYFORM.OBJ
C:\LABS\MP2-LAB4-POLINOMS\DEBUG\POLINOMFORM.ILK
C:\LABS\MP2-LAB4-POLINOMS\DEBUG\POLINOMFORM.EXE
C:\LABS\MP2-LAB4-POLINOMS\DEBUG\POLINOMFORM.PDB
C:\Labs\mp2-lab4-polinoms\PolinomForm\PolinomForm\Debug\PolinomForm.MyForm.resources
C:\Labs\mp2-lab4-polinoms\PolinomForm\PolinomForm\Debug\PolinomForm.vcxproj.GenerateResource.Cache
C:\Labs\mp2-lab4-polinoms\PolinomForm\PolinomForm\Debug\PolinomForm.vcxprojResolveAssemblyReference.cache
C:\Labs\mp2-lab4-polinoms\PolinomForm\PolinomForm\Debug\.NETFramework,Version=v4.5.1.AssemblyAttributes.obj
C:\Labs\mp2-lab4-polinoms\PolinomForm\PolinomForm\Debug\MyForm.obj
C:\Labs\mp2-lab4-polinoms\PolinomForm\PolinomForm\Debug\cl.command.1.tlog
C:\Labs\mp2-lab4-polinoms\PolinomForm\PolinomForm\Debug\CL.read.1.tlog
C:\Labs\mp2-lab4-polinoms\PolinomForm\PolinomForm\Debug\CL.write.1.tlog
C:\Labs\mp2-lab4-polinoms\PolinomForm\PolinomForm\Debug\link.10280-cvtres.read.1.tlog
C:\Labs\mp2-lab4-polinoms\PolinomForm\PolinomForm\Debug\link.10280-cvtres.write.1.tlog
C:\Labs\mp2-lab4-polinoms\PolinomForm\PolinomForm\Debug\link.10280-rc.read.1.tlog
C:\Labs\mp2-lab4-polinoms\PolinomForm\PolinomForm\Debug\link.10280-rc.write.1.tlog
C:\Labs\mp2-lab4-polinoms\PolinomForm\PolinomForm\Debug\link.10280.read.1.tlog
C:\Labs\mp2-lab4-polinoms\PolinomForm\PolinomForm\Debug\link.10280.write.1.tlog
C:\Labs\mp2-lab4-polinoms\PolinomForm\PolinomForm\Debug\link.8932-cvtres.read.1.tlog
C:\Labs\mp2-lab4-polinoms\PolinomForm\PolinomForm\Debug\link.8932-cvtres.write.1.tlog
C:\Labs\mp2-lab4-polinoms\PolinomForm\PolinomForm\Debug\link.8932-rc.read.1.tlog
C:\Labs\mp2-lab4-polinoms\PolinomForm\PolinomForm\Debug\link.8932-rc.write.1.tlog
C:\Labs\mp2-lab4-polinoms\PolinomForm\PolinomForm\Debug\link.8932.read.1.tlog
C:\Labs\mp2-lab4-polinoms\PolinomForm\PolinomForm\Debug\link.8932.write.1.tlog
C:\Labs\mp2-lab4-polinoms\PolinomForm\PolinomForm\Debug\link.command.1.tlog
C:\Labs\mp2-lab4-polinoms\PolinomForm\PolinomForm\Debug\link.read.1.tlog
C:\Labs\mp2-lab4-polinoms\PolinomForm\PolinomForm\Debug\link.write.1.tlog
C:\Labs\mp2-lab4-polinoms\PolinomForm\PolinomForm\Debug\metagen.read.1.tlog
C:\Labs\mp2-lab4-polinoms\PolinomForm\PolinomForm\Debug\metagen.write.1.tlog
C:\Labs\mp2-lab4-polinoms\PolinomForm\PolinomForm\Debug\PolinomForm.write.1.tlog
C:\Labs\mp2-lab4-polinoms\PolinomForm\PolinomForm\Debug\vc110.pdb
C:\Labs\mp2-lab4-polinoms\PolinomForm\PolinomForm\Debug\TZRES.DLL.bi
C:\Labs\mp2-lab4-polinoms\Debug\PolinomForm.pdb
C:\Labs\mp2-lab4-polinoms\Debug\PolinomForm.exe
C:\Labs\mp2-lab4-polinoms\Debug\PolinomForm.ilk
