C:\LABS\MP2-LAB4-POLINOMS\EXAMPLE\DEBUG\MAIN.OBJ
C:\LABS\MP2-LAB4-POLINOMS\EXAMPLE\DEBUG\VC110.PDB
C:\LABS\MP2-LAB4-POLINOMS\DEBUG\EXAMPLE.ILK
C:\LABS\MP2-LAB4-POLINOMS\DEBUG\EXAMPLE.EXE
C:\LABS\MP2-LAB4-POLINOMS\DEBUG\EXAMPLE.PDB
C:\Labs\mp2-lab4-polinoms\example\Debug\main.obj
C:\Labs\mp2-lab4-polinoms\example\Debug\cl.command.1.tlog
C:\Labs\mp2-lab4-polinoms\example\Debug\CL.read.1.tlog
C:\Labs\mp2-lab4-polinoms\example\Debug\CL.write.1.tlog
C:\Labs\mp2-lab4-polinoms\example\Debug\link-cvtres.read.1.tlog
C:\Labs\mp2-lab4-polinoms\example\Debug\link-cvtres.write.1.tlog
C:\Labs\mp2-lab4-polinoms\example\Debug\link-rc.read.1.tlog
C:\Labs\mp2-lab4-polinoms\example\Debug\link-rc.write.1.tlog
C:\Labs\mp2-lab4-polinoms\example\Debug\link.command.1.tlog
C:\Labs\mp2-lab4-polinoms\example\Debug\link.read.1.tlog
C:\Labs\mp2-lab4-polinoms\example\Debug\link.write.1.tlog
C:\Labs\mp2-lab4-polinoms\example\Debug\vc110.idb
C:\Labs\mp2-lab4-polinoms\example\Debug\vc110.pdb
C:\Labs\mp2-lab4-polinoms\Debug\example.pdb
C:\Labs\mp2-lab4-polinoms\Debug\example.exe
C:\Labs\mp2-lab4-polinoms\Debug\example.ilk
